{
  "stats": {
    "suites": 1,
    "tests": 3,
    "passes": 3,
    "pending": 0,
    "failures": 0,
    "start": "2020-09-19T13:31:17.611Z",
    "end": "2020-09-19T13:31:20.906Z",
    "duration": 3295,
    "testsRegistered": 3,
    "passPercent": 100,
    "pendingPercent": 0,
    "other": 0,
    "hasOther": false,
    "skipped": 0,
    "hasSkipped": false
  },
  "results": [
    {
      "uuid": "358feb3c-1be6-46a1-ac1f-0bbeadd70ee7",
      "title": "",
      "fullFile": "cypress\\integration\\examples\\window.spec.js",
      "file": "cypress\\integration\\examples\\window.spec.js",
      "beforeHooks": [],
      "afterHooks": [],
      "tests": [],
      "suites": [
        {
          "uuid": "7196f9a2-8d52-4273-aa9d-23437b464302",
          "title": "Window",
          "fullFile": "",
          "file": "",
          "beforeHooks": [],
          "afterHooks": [],
          "tests": [
            {
              "title": "cy.window() - get the global window object",
              "fullTitle": "Window cy.window() - get the global window object",
              "timedOut": null,
              "duration": 595,
              "state": "passed",
              "speed": "slow",
              "pass": true,
              "fail": false,
              "pending": false,
              "context": null,
              "code": "// https://on.cypress.io/window\ncy.window().should('have.property', 'top');",
              "err": {},
              "uuid": "e732f70d-e096-49f1-9cc3-03b2dcf39f0f",
              "parentUUID": "7196f9a2-8d52-4273-aa9d-23437b464302",
              "isHook": false,
              "skipped": false
            },
            {
              "title": "cy.document() - get the document object",
              "fullTitle": "Window cy.document() - get the document object",
              "timedOut": null,
              "duration": 207,
              "state": "passed",
              "speed": "slow",
              "pass": true,
              "fail": false,
              "pending": false,
              "context": null,
              "code": "// https://on.cypress.io/document\ncy.document().should('have.property', 'charset').and('eq', 'UTF-8');",
              "err": {},
              "uuid": "a00669b0-3672-4a6e-9295-bb0a12060988",
              "parentUUID": "7196f9a2-8d52-4273-aa9d-23437b464302",
              "isHook": false,
              "skipped": false
            },
            {
              "title": "cy.title() - get the title",
              "fullTitle": "Window cy.title() - get the title",
              "timedOut": null,
              "duration": 175,
              "state": "passed",
              "speed": "slow",
              "pass": true,
              "fail": false,
              "pending": false,
              "context": null,
              "code": "// https://on.cypress.io/title\ncy.title().should('include', 'Kitchen Sink');",
              "err": {},
              "uuid": "6efaecd1-9fb1-416d-83db-4ceb3c5491ca",
              "parentUUID": "7196f9a2-8d52-4273-aa9d-23437b464302",
              "isHook": false,
              "skipped": false
            }
          ],
          "suites": [],
          "passes": [
            "e732f70d-e096-49f1-9cc3-03b2dcf39f0f",
            "a00669b0-3672-4a6e-9295-bb0a12060988",
            "6efaecd1-9fb1-416d-83db-4ceb3c5491ca"
          ],
          "failures": [],
          "pending": [],
          "skipped": [],
          "duration": 977,
          "root": false,
          "rootEmpty": false,
          "_timeout": 2000
        }
      ],
      "passes": [],
      "failures": [],
      "pending": [],
      "skipped": [],
      "duration": 0,
      "root": true,
      "rootEmpty": true,
      "_timeout": 2000
    }
  ],
  "meta": {
    "mocha": {
      "version": "7.0.1"
    },
    "mochawesome": {
      "options": {
        "quiet": false,
        "reportFilename": "mochawesome",
        "saveHtml": true,
        "saveJson": true,
        "consoleReporter": "spec",
        "useInlineDiffs": false,
        "code": true
      },
      "version": "6.1.1"
    },
    "marge": {
      "options": {
        "id": "default",
        "reportDir": "cypress/reports/mocha",
        "quite": true,
        "overwrite": false,
        "html": true,
        "json": true
      },
      "version": "5.1.0"
    }
  }
}